{"/Users/liyongsheng/Desktop/buried/src/index.ts": {"path":"/Users/liyongsheng/Desktop/buried/src/index.ts","statementMap":{"0":{"start":{"line":15,"column":51},"end":{"line":15,"column":53}},"1":{"start":{"line":18,"column":4},"end":{"line":18,"column":27}},"2":{"start":{"line":19,"column":4},"end":{"line":24,"column":7}},"3":{"start":{"line":25,"column":4},"end":{"line":25,"column":43}},"4":{"start":{"line":26,"column":4},"end":{"line":34,"column":7}},"5":{"start":{"line":27,"column":38},"end":{"line":27,"column":53}},"6":{"start":{"line":28,"column":6},"end":{"line":32,"column":7}},"7":{"start":{"line":29,"column":8},"end":{"line":31,"column":9}},"8":{"start":{"line":30,"column":10},"end":{"line":30,"column":24}},"9":{"start":{"line":33,"column":6},"end":{"line":33,"column":20}},"10":{"start":{"line":42,"column":4},"end":{"line":42,"column":25}},"11":{"start":{"line":49,"column":4},"end":{"line":49,"column":40}},"12":{"start":{"line":56,"column":4},"end":{"line":56,"column":23}},"13":{"start":{"line":63,"column":4},"end":{"line":63,"column":22}},"14":{"start":{"line":70,"column":4},"end":{"line":70,"column":23}},"15":{"start":{"line":74,"column":4},"end":{"line":74,"column":22}},"16":{"start":{"line":75,"column":4},"end":{"line":75,"column":33}},"17":{"start":{"line":76,"column":4},"end":{"line":76,"column":33}},"18":{"start":{"line":77,"column":4},"end":{"line":77,"column":23}},"19":{"start":{"line":85,"column":4},"end":{"line":85,"column":28}}},"fnMap":{"0":{"name":"(anonymous_0)","decl":{"start":{"line":17,"column":2},"end":{"line":17,"column":3}},"loc":{"start":{"line":17,"column":45},"end":{"line":35,"column":3}},"line":17},"1":{"name":"(anonymous_1)","decl":{"start":{"line":26,"column":18},"end":{"line":26,"column":19}},"loc":{"start":{"line":26,"column":24},"end":{"line":34,"column":5}},"line":26},"2":{"name":"(anonymous_2)","decl":{"start":{"line":41,"column":2},"end":{"line":41,"column":3}},"loc":{"start":{"line":41,"column":30},"end":{"line":43,"column":3}},"line":41},"3":{"name":"(anonymous_3)","decl":{"start":{"line":48,"column":2},"end":{"line":48,"column":3}},"loc":{"start":{"line":48,"column":39},"end":{"line":50,"column":3}},"line":48},"4":{"name":"(anonymous_4)","decl":{"start":{"line":55,"column":2},"end":{"line":55,"column":3}},"loc":{"start":{"line":55,"column":11},"end":{"line":57,"column":3}},"line":55},"5":{"name":"(anonymous_5)","decl":{"start":{"line":62,"column":2},"end":{"line":62,"column":3}},"loc":{"start":{"line":62,"column":10},"end":{"line":64,"column":3}},"line":62},"6":{"name":"(anonymous_6)","decl":{"start":{"line":69,"column":2},"end":{"line":69,"column":3}},"loc":{"start":{"line":69,"column":11},"end":{"line":71,"column":3}},"line":69},"7":{"name":"(anonymous_7)","decl":{"start":{"line":73,"column":2},"end":{"line":73,"column":3}},"loc":{"start":{"line":73,"column":29},"end":{"line":78,"column":3}},"line":73},"8":{"name":"(anonymous_8)","decl":{"start":{"line":84,"column":2},"end":{"line":84,"column":3}},"loc":{"start":{"line":84,"column":41},"end":{"line":86,"column":3}},"line":84}},"branchMap":{"0":{"loc":{"start":{"line":29,"column":8},"end":{"line":31,"column":9}},"type":"if","locations":[{"start":{"line":29,"column":8},"end":{"line":31,"column":9}},{"start":{"line":29,"column":8},"end":{"line":31,"column":9}}],"line":29},"1":{"loc":{"start":{"line":29,"column":12},"end":{"line":29,"column":42}},"type":"binary-expr","locations":[{"start":{"line":29,"column":12},"end":{"line":29,"column":14}},{"start":{"line":29,"column":18},"end":{"line":29,"column":42}}],"line":29}},"s":{"0":1,"1":1,"2":1,"3":1,"4":1,"5":1,"6":1,"7":1,"8":1,"9":1,"10":4,"11":2,"12":1,"13":2,"14":1,"15":0,"16":0,"17":0,"18":0,"19":1},"f":{"0":1,"1":1,"2":4,"3":2,"4":1,"5":2,"6":1,"7":0,"8":1},"b":{"0":[1,0],"1":[1,1]},"_coverageSchema":"1a1c01bbd47fc00a2c39e90264f33305004495a9","hash":"4f3e779686fa1a812b8cc3055e793afee9c8933f"}
,"/Users/liyongsheng/Desktop/buried/src/store.ts": {"path":"/Users/liyongsheng/Desktop/buried/src/store.ts","statementMap":{"0":{"start":{"line":33,"column":19},"end":{"line":33,"column":36}},"1":{"start":{"line":38,"column":28},"end":{"line":38,"column":46}},"2":{"start":{"line":41,"column":4},"end":{"line":41,"column":27}},"3":{"start":{"line":42,"column":22},"end":{"line":42,"column":36}},"4":{"start":{"line":43,"column":4},"end":{"line":45,"column":5}},"5":{"start":{"line":44,"column":6},"end":{"line":44,"column":28}},"6":{"start":{"line":49,"column":4},"end":{"line":52,"column":5}},"7":{"start":{"line":50,"column":6},"end":{"line":50,"column":33}},"8":{"start":{"line":51,"column":6},"end":{"line":51,"column":13}},"9":{"start":{"line":53,"column":4},"end":{"line":57,"column":5}},"10":{"start":{"line":54,"column":6},"end":{"line":54,"column":68}},"11":{"start":{"line":56,"column":6},"end":{"line":56,"column":91}},"12":{"start":{"line":61,"column":4},"end":{"line":63,"column":5}},"13":{"start":{"line":62,"column":6},"end":{"line":62,"column":36}},"14":{"start":{"line":64,"column":4},"end":{"line":78,"column":5}},"15":{"start":{"line":65,"column":18},"end":{"line":65,"column":57}},"16":{"start":{"line":66,"column":6},"end":{"line":75,"column":7}},"17":{"start":{"line":67,"column":8},"end":{"line":72,"column":9}},"18":{"start":{"line":68,"column":35},"end":{"line":68,"column":50}},"19":{"start":{"line":69,"column":10},"end":{"line":69,"column":22}},"20":{"start":{"line":71,"column":10},"end":{"line":71,"column":22}},"21":{"start":{"line":74,"column":8},"end":{"line":74,"column":20}},"22":{"start":{"line":77,"column":6},"end":{"line":77,"column":91}},"23":{"start":{"line":82,"column":4},"end":{"line":87,"column":6}},"24":{"start":{"line":91,"column":4},"end":{"line":91,"column":35}},"25":{"start":{"line":92,"column":4},"end":{"line":92,"column":28}},"26":{"start":{"line":96,"column":4},"end":{"line":98,"column":5}},"27":{"start":{"line":97,"column":6},"end":{"line":97,"column":13}},"28":{"start":{"line":99,"column":4},"end":{"line":101,"column":5}},"29":{"start":{"line":100,"column":6},"end":{"line":100,"column":26}},"30":{"start":{"line":102,"column":4},"end":{"line":106,"column":5}},"31":{"start":{"line":103,"column":6},"end":{"line":103,"column":35}},"32":{"start":{"line":105,"column":6},"end":{"line":105,"column":32}},"33":{"start":{"line":107,"column":4},"end":{"line":107,"column":52}},"34":{"start":{"line":108,"column":4},"end":{"line":108,"column":28}},"35":{"start":{"line":112,"column":4},"end":{"line":116,"column":5}},"36":{"start":{"line":113,"column":27},"end":{"line":113,"column":86}},"37":{"start":{"line":114,"column":6},"end":{"line":114,"column":19}},"38":{"start":{"line":115,"column":6},"end":{"line":115,"column":17}},"39":{"start":{"line":117,"column":4},"end":{"line":117,"column":42}}},"fnMap":{"0":{"name":"(anonymous_0)","decl":{"start":{"line":40,"column":2},"end":{"line":40,"column":3}},"loc":{"start":{"line":40,"column":44},"end":{"line":46,"column":3}},"line":40},"1":{"name":"(anonymous_1)","decl":{"start":{"line":48,"column":2},"end":{"line":48,"column":3}},"loc":{"start":{"line":48,"column":37},"end":{"line":58,"column":3}},"line":48},"2":{"name":"(anonymous_2)","decl":{"start":{"line":60,"column":2},"end":{"line":60,"column":3}},"loc":{"start":{"line":60,"column":47},"end":{"line":79,"column":3}},"line":60},"3":{"name":"(anonymous_3)","decl":{"start":{"line":81,"column":2},"end":{"line":81,"column":3}},"loc":{"start":{"line":81,"column":44},"end":{"line":88,"column":3}},"line":81},"4":{"name":"(anonymous_4)","decl":{"start":{"line":90,"column":2},"end":{"line":90,"column":3}},"loc":{"start":{"line":90,"column":11},"end":{"line":93,"column":3}},"line":90},"5":{"name":"(anonymous_5)","decl":{"start":{"line":95,"column":2},"end":{"line":95,"column":3}},"loc":{"start":{"line":95,"column":30},"end":{"line":109,"column":3}},"line":95},"6":{"name":"(anonymous_6)","decl":{"start":{"line":111,"column":2},"end":{"line":111,"column":3}},"loc":{"start":{"line":111,"column":45},"end":{"line":118,"column":3}},"line":111}},"branchMap":{"0":{"loc":{"start":{"line":43,"column":4},"end":{"line":45,"column":5}},"type":"if","locations":[{"start":{"line":43,"column":4},"end":{"line":45,"column":5}},{"start":{"line":43,"column":4},"end":{"line":45,"column":5}}],"line":43},"1":{"loc":{"start":{"line":49,"column":4},"end":{"line":52,"column":5}},"type":"if","locations":[{"start":{"line":49,"column":4},"end":{"line":52,"column":5}},{"start":{"line":49,"column":4},"end":{"line":52,"column":5}}],"line":49},"2":{"loc":{"start":{"line":53,"column":4},"end":{"line":57,"column":5}},"type":"if","locations":[{"start":{"line":53,"column":4},"end":{"line":57,"column":5}},{"start":{"line":53,"column":4},"end":{"line":57,"column":5}}],"line":53},"3":{"loc":{"start":{"line":53,"column":8},"end":{"line":53,"column":37}},"type":"binary-expr","locations":[{"start":{"line":53,"column":8},"end":{"line":53,"column":14}},{"start":{"line":53,"column":18},"end":{"line":53,"column":37}}],"line":53},"4":{"loc":{"start":{"line":61,"column":4},"end":{"line":63,"column":5}},"type":"if","locations":[{"start":{"line":61,"column":4},"end":{"line":63,"column":5}},{"start":{"line":61,"column":4},"end":{"line":63,"column":5}}],"line":61},"5":{"loc":{"start":{"line":64,"column":4},"end":{"line":78,"column":5}},"type":"if","locations":[{"start":{"line":64,"column":4},"end":{"line":78,"column":5}},{"start":{"line":64,"column":4},"end":{"line":78,"column":5}}],"line":64},"6":{"loc":{"start":{"line":64,"column":8},"end":{"line":64,"column":37}},"type":"binary-expr","locations":[{"start":{"line":64,"column":8},"end":{"line":64,"column":14}},{"start":{"line":64,"column":18},"end":{"line":64,"column":37}}],"line":64},"7":{"loc":{"start":{"line":66,"column":6},"end":{"line":75,"column":7}},"type":"if","locations":[{"start":{"line":66,"column":6},"end":{"line":75,"column":7}},{"start":{"line":66,"column":6},"end":{"line":75,"column":7}}],"line":66},"8":{"loc":{"start":{"line":96,"column":4},"end":{"line":98,"column":5}},"type":"if","locations":[{"start":{"line":96,"column":4},"end":{"line":98,"column":5}},{"start":{"line":96,"column":4},"end":{"line":98,"column":5}}],"line":96},"9":{"loc":{"start":{"line":99,"column":4},"end":{"line":101,"column":5}},"type":"if","locations":[{"start":{"line":99,"column":4},"end":{"line":101,"column":5}},{"start":{"line":99,"column":4},"end":{"line":101,"column":5}}],"line":99},"10":{"loc":{"start":{"line":102,"column":4},"end":{"line":106,"column":5}},"type":"if","locations":[{"start":{"line":102,"column":4},"end":{"line":106,"column":5}},{"start":{"line":102,"column":4},"end":{"line":106,"column":5}}],"line":102},"11":{"loc":{"start":{"line":112,"column":4},"end":{"line":116,"column":5}},"type":"if","locations":[{"start":{"line":112,"column":4},"end":{"line":116,"column":5}},{"start":{"line":112,"column":4},"end":{"line":116,"column":5}}],"line":112}},"s":{"0":1,"1":1,"2":1,"3":1,"4":1,"5":0,"6":6,"7":6,"8":6,"9":0,"10":0,"11":0,"12":1,"13":1,"14":0,"15":0,"16":0,"17":0,"18":0,"19":0,"20":0,"21":0,"22":0,"23":3,"24":2,"25":2,"26":4,"27":0,"28":4,"29":0,"30":4,"31":0,"32":4,"33":4,"34":4,"35":2,"36":2,"37":1,"38":1,"39":0},"f":{"0":1,"1":6,"2":1,"3":3,"4":2,"5":4,"6":2},"b":{"0":[0,1],"1":[6,0],"2":[0,0],"3":[0,0],"4":[1,0],"5":[0,0],"6":[0,0],"7":[0,0],"8":[0,4],"9":[0,4],"10":[0,4],"11":[2,0]},"_coverageSchema":"1a1c01bbd47fc00a2c39e90264f33305004495a9","hash":"f88b2dcc2334405aeaa5513581d28f1db86e3e71"}
,"/Users/liyongsheng/Desktop/buried/src/timer.ts": {"path":"/Users/liyongsheng/Desktop/buried/src/timer.ts","statementMap":{"0":{"start":{"line":3,"column":27},"end":{"line":3,"column":40}},"1":{"start":{"line":5,"column":40},"end":{"line":5,"column":42}},"2":{"start":{"line":8,"column":4},"end":{"line":8,"column":27}},"3":{"start":{"line":9,"column":4},"end":{"line":9,"column":17}},"4":{"start":{"line":13,"column":4},"end":{"line":17,"column":5}},"5":{"start":{"line":14,"column":6},"end":{"line":16,"column":7}},"6":{"start":{"line":15,"column":8},"end":{"line":15,"column":13}},"7":{"start":{"line":21,"column":4},"end":{"line":23,"column":5}},"8":{"start":{"line":22,"column":6},"end":{"line":22,"column":32}},"9":{"start":{"line":24,"column":4},"end":{"line":26,"column":20}},"10":{"start":{"line":25,"column":6},"end":{"line":25,"column":18}},"11":{"start":{"line":30,"column":4},"end":{"line":30,"column":30}},"12":{"start":{"line":34,"column":4},"end":{"line":34,"column":30}},"13":{"start":{"line":38,"column":4},"end":{"line":40,"column":5}},"14":{"start":{"line":39,"column":6},"end":{"line":39,"column":27}},"15":{"start":{"line":44,"column":4},"end":{"line":44,"column":23}}},"fnMap":{"0":{"name":"(anonymous_0)","decl":{"start":{"line":7,"column":2},"end":{"line":7,"column":3}},"loc":{"start":{"line":7,"column":31},"end":{"line":10,"column":3}},"line":7},"1":{"name":"(anonymous_1)","decl":{"start":{"line":12,"column":2},"end":{"line":12,"column":3}},"loc":{"start":{"line":12,"column":18},"end":{"line":18,"column":3}},"line":12},"2":{"name":"(anonymous_2)","decl":{"start":{"line":20,"column":2},"end":{"line":20,"column":3}},"loc":{"start":{"line":20,"column":11},"end":{"line":27,"column":3}},"line":20},"3":{"name":"(anonymous_3)","decl":{"start":{"line":24,"column":29},"end":{"line":24,"column":30}},"loc":{"start":{"line":24,"column":35},"end":{"line":26,"column":5}},"line":24},"4":{"name":"(anonymous_4)","decl":{"start":{"line":29,"column":2},"end":{"line":29,"column":3}},"loc":{"start":{"line":29,"column":10},"end":{"line":31,"column":3}},"line":29},"5":{"name":"(anonymous_5)","decl":{"start":{"line":33,"column":2},"end":{"line":33,"column":3}},"loc":{"start":{"line":33,"column":22},"end":{"line":35,"column":3}},"line":33},"6":{"name":"(anonymous_6)","decl":{"start":{"line":37,"column":2},"end":{"line":37,"column":3}},"loc":{"start":{"line":37,"column":30},"end":{"line":41,"column":3}},"line":37},"7":{"name":"(anonymous_7)","decl":{"start":{"line":43,"column":2},"end":{"line":43,"column":3}},"loc":{"start":{"line":43,"column":23},"end":{"line":45,"column":3}},"line":43}},"branchMap":{"0":{"loc":{"start":{"line":14,"column":6},"end":{"line":16,"column":7}},"type":"if","locations":[{"start":{"line":14,"column":6},"end":{"line":16,"column":7}},{"start":{"line":14,"column":6},"end":{"line":16,"column":7}}],"line":14},"1":{"loc":{"start":{"line":14,"column":10},"end":{"line":14,"column":40}},"type":"binary-expr","locations":[{"start":{"line":14,"column":10},"end":{"line":14,"column":12}},{"start":{"line":14,"column":16},"end":{"line":14,"column":40}}],"line":14},"2":{"loc":{"start":{"line":21,"column":4},"end":{"line":23,"column":5}},"type":"if","locations":[{"start":{"line":21,"column":4},"end":{"line":23,"column":5}},{"start":{"line":21,"column":4},"end":{"line":23,"column":5}}],"line":21},"3":{"loc":{"start":{"line":38,"column":4},"end":{"line":40,"column":5}},"type":"if","locations":[{"start":{"line":38,"column":4},"end":{"line":40,"column":5}},{"start":{"line":38,"column":4},"end":{"line":40,"column":5}}],"line":38}},"s":{"0":1,"1":1,"2":1,"3":1,"4":1,"5":1,"6":1,"7":2,"8":1,"9":2,"10":1,"11":2,"12":1,"13":1,"14":1,"15":0},"f":{"0":1,"1":1,"2":2,"3":1,"4":2,"5":1,"6":1,"7":0},"b":{"0":[1,0],"1":[1,1],"2":[1,1],"3":[1,0]},"_coverageSchema":"1a1c01bbd47fc00a2c39e90264f33305004495a9","hash":"a81ecb47baf87709be5b881922c7fe107ea73186"}
}
