TN:
SF:src/index.ts
FN:17,(anonymous_0)
FN:26,(anonymous_1)
FN:41,(anonymous_2)
FN:48,(anonymous_3)
FN:55,(anonymous_4)
FN:62,(anonymous_5)
FN:69,(anonymous_6)
FN:73,(anonymous_7)
FN:84,(anonymous_8)
FNF:9
FNH:8
FNDA:1,(anonymous_0)
FNDA:1,(anonymous_1)
FNDA:4,(anonymous_2)
FNDA:2,(anonymous_3)
FNDA:1,(anonymous_4)
FNDA:2,(anonymous_5)
FNDA:1,(anonymous_6)
FNDA:0,(anonymous_7)
FNDA:1,(anonymous_8)
DA:15,1
DA:18,1
DA:19,1
DA:25,1
DA:26,1
DA:27,1
DA:28,1
DA:29,1
DA:30,1
DA:33,1
DA:42,4
DA:49,2
DA:56,1
DA:63,2
DA:70,1
DA:74,0
DA:75,0
DA:76,0
DA:77,0
DA:85,1
LF:20
LH:16
BRDA:29,0,0,1
BRDA:29,0,1,0
BRDA:29,1,0,1
BRDA:29,1,1,1
BRF:4
BRH:3
end_of_record
TN:
SF:src/store.ts
FN:40,(anonymous_0)
FN:48,(anonymous_1)
FN:60,(anonymous_2)
FN:81,(anonymous_3)
FN:90,(anonymous_4)
FN:95,(anonymous_5)
FN:111,(anonymous_6)
FNF:7
FNH:7
FNDA:1,(anonymous_0)
FNDA:6,(anonymous_1)
FNDA:1,(anonymous_2)
FNDA:3,(anonymous_3)
FNDA:2,(anonymous_4)
FNDA:4,(anonymous_5)
FNDA:2,(anonymous_6)
DA:33,1
DA:38,1
DA:41,1
DA:42,1
DA:43,1
DA:44,0
DA:49,6
DA:50,6
DA:51,6
DA:53,0
DA:54,0
DA:56,0
DA:61,1
DA:62,1
DA:64,0
DA:65,0
DA:66,0
DA:67,0
DA:68,0
DA:69,0
DA:71,0
DA:74,0
DA:77,0
DA:82,3
DA:91,2
DA:92,2
DA:96,4
DA:97,0
DA:99,4
DA:100,0
DA:102,4
DA:103,0
DA:105,4
DA:107,4
DA:108,4
DA:112,2
DA:113,2
DA:114,1
DA:115,1
DA:117,0
LF:40
LH:23
BRDA:43,0,0,0
BRDA:43,0,1,1
BRDA:49,1,0,6
BRDA:49,1,1,0
BRDA:53,2,0,0
BRDA:53,2,1,0
BRDA:53,3,0,0
BRDA:53,3,1,0
BRDA:61,4,0,1
BRDA:61,4,1,0
BRDA:64,5,0,0
BRDA:64,5,1,0
BRDA:64,6,0,0
BRDA:64,6,1,0
BRDA:66,7,0,0
BRDA:66,7,1,0
BRDA:96,8,0,0
BRDA:96,8,1,4
BRDA:99,9,0,0
BRDA:99,9,1,4
BRDA:102,10,0,0
BRDA:102,10,1,4
BRDA:112,11,0,2
BRDA:112,11,1,0
BRF:24
BRH:7
end_of_record
TN:
SF:src/timer.ts
FN:7,(anonymous_0)
FN:12,(anonymous_1)
FN:20,(anonymous_2)
FN:24,(anonymous_3)
FN:29,(anonymous_4)
FN:33,(anonymous_5)
FN:37,(anonymous_6)
FN:43,(anonymous_7)
FNF:8
FNH:7
FNDA:1,(anonymous_0)
FNDA:1,(anonymous_1)
FNDA:2,(anonymous_2)
FNDA:1,(anonymous_3)
FNDA:2,(anonymous_4)
FNDA:1,(anonymous_5)
FNDA:1,(anonymous_6)
FNDA:0,(anonymous_7)
DA:3,1
DA:5,1
DA:8,1
DA:9,1
DA:13,1
DA:14,1
DA:15,1
DA:21,2
DA:22,1
DA:24,2
DA:25,1
DA:30,2
DA:34,1
DA:38,1
DA:39,1
DA:44,0
LF:16
LH:15
BRDA:14,0,0,1
BRDA:14,0,1,0
BRDA:14,1,0,1
BRDA:14,1,1,1
BRDA:21,2,0,1
BRDA:21,2,1,1
BRDA:38,3,0,1
BRDA:38,3,1,0
BRF:8
BRH:6
end_of_record
